10-21@12:16:40 ERROR (SolrProbes.java:236)     - java.net.UnknownHostException: tc-test-3.ebi.ac.uk
10-21@12:16:40 ERROR (SolrProbes.java:236)     - java.net.UnknownHostException: tc-test-3.ebi.ac.uk
10-21@12:16:40 ERROR (SolrProbes.java:236)     - java.net.UnknownHostException: tc-test-3.ebi.ac.uk
10-21@12:38:12 ERROR (SolrProbes.java:236)     - java.net.UnknownHostException: tc-test-3.ebi.ac.uk
10-21@12:38:12 ERROR (SolrProbes.java:236)     - java.net.UnknownHostException: tc-test-3.ebi.ac.uk
10-21@12:38:12 ERROR (SolrProbes.java:236)     - java.net.UnknownHostException: tc-test-3.ebi.ac.uk
10-21@18:09:41 ERROR (SolrProbes.java:236)     - java.net.UnknownHostException: tc-test-3.ebi.ac.uk
10-21@18:09:41 ERROR (SolrProbes.java:236)     - java.net.UnknownHostException: tc-test-3.ebi.ac.uk
10-21@18:09:41 ERROR (SolrProbes.java:236)     - java.net.UnknownHostException: tc-test-3.ebi.ac.uk
10-24@13:20:49 ERROR (BiomartAccess.java:184)     - Server returned HTTP response code: 407 for URL: http://www.ensembl.org/biomart/martservice?type=attributes&dataset=hsapiens_gene_ensembl
10-24@13:20:50 ERROR (BiomartAccess.java:184)     - Server returned HTTP response code: 407 for URL: http://www.biomart.org/biomart/martservice?type=attributes&dataset=hsapiens_gene_ensembl
10-24@13:20:50 ERROR (BiomartAccess.java:215)     - Empty input
10-24@13:22:11 ERROR (BiomartAccess.java:184)     - Server returned HTTP response code: 407 for URL: http://www.ensembl.org/biomart/martservice?type=attributes&dataset=hsapiens_gene_ensembl
10-24@13:22:11 ERROR (BiomartAccess.java:184)     - Server returned HTTP response code: 407 for URL: http://www.biomart.org/biomart/martservice?type=attributes&dataset=hsapiens_gene_ensembl
10-24@13:22:11 ERROR (BiomartAccess.java:215)     - Empty input
10-24@13:49:35 ERROR (BiomartAccess.java:184)     - Server returned HTTP response code: 407 for URL: http://www.ensembl.org/biomart/martservice?type=attributes&dataset=hsapiens_gene_ensembl
10-24@14:30:10 ERROR (BiomartAccess.java:184)     - Server returned HTTP response code: 407 for URL: http://www.biomart.org/biomart/martservice?type=attributes&dataset=hsapiens_gene_ensembl
10-24@14:30:10 ERROR (BiomartAccess.java:215)     - Empty input
10-24@14:50:24 ERROR (BiomartAccess.java:184)     - Server returned HTTP response code: 407 for URL: http://www.ensembl.org/biomart/martservice?type=attributes&dataset=hsapiens_gene_ensembl
10-24@14:50:25 ERROR (BiomartAccess.java:184)     - Server returned HTTP response code: 407 for URL: http://www.biomart.org/biomart/martservice?type=attributes&dataset=hsapiens_gene_ensembl
10-24@14:50:25 ERROR (BiomartAccess.java:215)     - Empty input
10-24@16:19:44 ERROR (BiomartAccess.java:184)     - Server returned HTTP response code: 407 for URL: http://www.ensembl.org/biomart/martservice?type=attributes&dataset=hsapiens_gene_ensembl
10-24@16:19:44 ERROR (BiomartAccess.java:184)     - Server returned HTTP response code: 407 for URL: http://www.biomart.org/biomart/martservice?type=attributes&dataset=hsapiens_gene_ensembl
10-24@16:19:44 ERROR (BiomartAccess.java:215)     - Empty input
10-24@16:28:16 ERROR (BiomartAccess.java:184)     - Server redirected too many  times (20)
10-24@16:28:17 ERROR (BiomartAccess.java:184)     - Server redirected too many  times (20)
10-24@16:28:17 ERROR (BiomartAccess.java:215)     - Empty input
10-24@16:29:31 ERROR (BiomartAccess.java:184)     - Server redirected too many  times (20)
10-24@16:29:31 ERROR (BiomartAccess.java:184)     - Server redirected too many  times (20)
10-24@16:29:31 ERROR (BiomartAccess.java:215)     - Empty input
10-24@16:31:10 ERROR (BiomartAccess.java:184)     - Server redirected too many  times (20)
10-24@16:31:11 ERROR (BiomartAccess.java:184)     - Server redirected too many  times (20)
10-24@16:31:11 ERROR (BiomartAccess.java:215)     - Empty input
10-25@13:14:47 ERROR (BiomartAccess.java:184)     - Server returned HTTP response code: 407 for URL: http://www.ensembl.org/biomart/martservice?type=attributes&dataset=hsapiens_gene_ensembl
10-25@13:14:47 ERROR (BiomartAccess.java:184)     - Server returned HTTP response code: 407 for URL: http://www.biomart.org/biomart/martservice?type=attributes&dataset=hsapiens_gene_ensembl
10-25@13:14:47 ERROR (BiomartAccess.java:215)     - Empty input
10-28@15:35:19 ERROR (BiomartAccess.java:184)     - Server returned HTTP response code: 407 for URL: http://www.ensembl.org/biomart/martservice?type=attributes&dataset=hsapiens_gene_ensembl
10-28@15:35:20 ERROR (BiomartAccess.java:184)     - Server returned HTTP response code: 407 for URL: http://www.biomart.org/biomart/martservice?type=attributes&dataset=hsapiens_gene_ensembl
10-28@15:35:20 ERROR (BiomartAccess.java:215)     - Empty input
11-03@12:47:07 ERROR (SolrProbes.java:240)     - Error executing query
11-03@12:47:07 ERROR (SolrProbes.java:240)     - Error executing query
11-03@12:47:07 ERROR (SolrProbes.java:240)     - Error executing query
11-03@12:47:08 ERROR (BiomartAccess.java:184)     - Server returned HTTP response code: 407 for URL: http://www.biomart.org/biomart/martservice?type=datasets&mart=ensembl
11-03@12:47:08 ERROR (BiomartAccess.java:215)     - Empty input
11-05@23:20:50 ERROR (SolrProbes.java:242)     - java.net.ConnectException: Connection refused
11-05@23:20:50 ERROR (SolrProbes.java:242)     - java.net.ConnectException: Connection refused
11-05@23:20:50 ERROR (SolrProbes.java:242)     - java.net.ConnectException: Connection refused
11-05@23:22:46 ERROR (SolrProbes.java:242)     - java.net.ConnectException: Connection refused
11-05@23:22:46 ERROR (SolrProbes.java:242)     - java.net.ConnectException: Connection refused
11-05@23:22:46 ERROR (SolrProbes.java:242)     - java.net.ConnectException: Connection refused
11-09@13:20:33 ERROR (BiomartAccess.java:184)     - Server returned HTTP response code: 407 for URL: http://www.biomart.org/biomart/martservice?type=datasets&mart=ensembl
11-09@13:20:33 ERROR (BiomartAccess.java:215)     - Empty input
11-10@11:58:50 ERROR (SolrProbes.java:242)     - Error executing query
11-10@11:58:51 ERROR (SolrProbes.java:242)     - Error executing query
11-10@11:58:52 ERROR (SolrProbes.java:242)     - Error executing query
11-10@12:02:58 ERROR (BiomartAccess.java:184)     - Server returned HTTP response code: 500 for URL: http://www.biomart.org/biomart/martservice?type=datasets&mart=ensembl
11-10@12:02:58 ERROR (BiomartAccess.java:215)     - Empty input
11-10@12:12:28 ERROR (SolrProbes.java:242)     - Error executing query
11-10@12:12:29 ERROR (SolrProbes.java:242)     - Error executing query
11-10@12:12:29 ERROR (SolrProbes.java:242)     - Error executing query
11-10@12:15:47 ERROR (BiomartAccess.java:185)     - Server returned HTTP response code: 500 for URL: http://www.biomart.org/biomart/martservice?type=datasets&mart=ensembl
11-10@12:15:47 ERROR (BiomartAccess.java:216)     - Empty input
11-10@12:24:12 ERROR (SolrProbes.java:242)     - Error executing query
11-10@12:24:12 ERROR (SolrProbes.java:242)     - Error executing query
11-10@12:24:12 ERROR (SolrProbes.java:242)     - Error executing query
11-10@12:27:34 ERROR (BiomartAccess.java:185)     - Server returned HTTP response code: 500 for URL: http://www.biomart.org/biomart/martservice?type=datasets&mart=ENSEMBL_MART_ENSEMBL
11-10@12:27:34 ERROR (BiomartAccess.java:216)     - Empty input
11-10@12:37:16 ERROR (SolrProbes.java:242)     - Error executing query
11-10@12:37:16 ERROR (SolrProbes.java:242)     - Error executing query
11-10@12:37:17 ERROR (SolrProbes.java:242)     - Error executing query
11-10@12:40:35 ERROR (BiomartAccess.java:185)     - Server returned HTTP response code: 500 for URL: http://www.biomart.org/biomart/martservice?type=datasets&mart=ENSEMBL_MART_ENSEMBL
11-10@12:40:35 ERROR (BiomartAccess.java:216)     - Empty input
11-10@12:45:19 ERROR (SolrProbes.java:242)     - Error executing query
11-10@12:45:19 ERROR (SolrProbes.java:242)     - Error executing query
11-10@12:45:19 ERROR (SolrProbes.java:242)     - Error executing query
11-10@12:48:43 ERROR (BiomartAccess.java:185)     - Server returned HTTP response code: 500 for URL: http://www.biomart.org/biomart/martservice?type=datasets&mart=ENSEMBL_MART_ENSEMBL
11-10@12:48:43 ERROR (BiomartAccess.java:216)     - Empty input
11-10@12:50:55 ERROR (SolrProbes.java:242)     - Error executing query
11-10@12:50:56 ERROR (SolrProbes.java:242)     - Error executing query
11-10@12:50:56 ERROR (SolrProbes.java:242)     - Error executing query
11-10@12:54:15 ERROR (BiomartAccess.java:185)     - Server returned HTTP response code: 500 for URL: http://www.biomart.org/biomart/martservice?type=datasets&mart=ENSEMBL_MART_ENSEMBL
11-10@12:54:15 ERROR (BiomartAccess.java:216)     - Empty input
11-10@13:02:49 ERROR (BiomartAccess.java:185)     - Server returned HTTP response code: 500 for URL: http://www.biomart.org/biomart/martservice?type=datasets&mart=ENSEMBL_MART_ENSEMBL
11-10@13:02:50 ERROR (BiomartAccess.java:216)     - Empty input
11-10@13:07:49 ERROR (SolrProbes.java:242)     - Error executing query
11-10@13:07:49 ERROR (SolrProbes.java:242)     - Error executing query
11-10@13:07:49 ERROR (SolrProbes.java:242)     - Error executing query
11-10@13:17:13 ERROR (SolrProbes.java:242)     - Error executing query
11-10@13:17:13 ERROR (SolrProbes.java:242)     - Error executing query
11-10@13:17:13 ERROR (SolrProbes.java:242)     - Error executing query
11-10@13:20:43 ERROR (SolrProbes.java:242)     - Error executing query
11-10@13:20:43 ERROR (SolrProbes.java:242)     - Error executing query
11-10@13:20:43 ERROR (SolrProbes.java:242)     - Error executing query
11-10@14:24:21 ERROR (SolrProbes.java:242)     - Error executing query
11-10@14:24:22 ERROR (SolrProbes.java:242)     - Error executing query
11-10@14:24:22 ERROR (SolrProbes.java:242)     - Error executing query
11-10@14:29:40 ERROR (SolrProbes.java:242)     - Error executing query
11-10@14:29:40 ERROR (SolrProbes.java:242)     - Error executing query
11-10@14:29:40 ERROR (SolrProbes.java:242)     - Error executing query
11-10@14:36:28 ERROR (MicroarrayProbes.java:236)     - No source defined!
11-10@14:36:38 ERROR (MicroarrayProbes.java:236)     - No source defined!
11-10@14:39:52 ERROR (SolrProbes.java:242)     - Error executing query
11-10@14:39:52 ERROR (SolrProbes.java:242)     - Error executing query
11-10@14:39:52 ERROR (SolrProbes.java:242)     - Error executing query
11-10@14:42:26 ERROR (SolrProbes.java:242)     - Error executing query
11-10@14:42:27 ERROR (SolrProbes.java:242)     - Error executing query
11-10@14:42:27 ERROR (SolrProbes.java:242)     - Error executing query
11-10@15:13:10 ERROR (SolrProbes.java:242)     - Error executing query
11-10@15:13:10 ERROR (SolrProbes.java:242)     - Error executing query
11-10@15:13:10 ERROR (SolrProbes.java:242)     - Error executing query
11-14@12:06:00 ERROR (SolrProbes.java:265)     - Error executing query
11-14@12:06:00 ERROR (SolrProbes.java:265)     - Error executing query
11-14@12:06:00 ERROR (SolrProbes.java:265)     - Error executing query
11-14@12:07:16 ERROR (BiomartAccess.java:185)     - Operation timed out
11-14@12:07:16 ERROR (BiomartAccess.java:216)     - Empty input
11-14@12:29:43 ERROR (SolrProbes.java:265)     - Error executing query
11-14@12:29:43 ERROR (SolrProbes.java:265)     - Error executing query
11-14@12:29:43 ERROR (SolrProbes.java:265)     - Error executing query
12-12@12:41:00 ERROR (SolrProbes.java:281)     - Error executing query
12-12@12:41:00 ERROR (SolrProbes.java:281)     - Error executing query
12-12@12:41:00 ERROR (SolrProbes.java:281)     - Error executing query
